<?xml version="1.0" encoding="UTF-8"?>
<testng-results ignored="0" total="1" passed="1" failed="0" skipped="0">
  <reporter-output>
  </reporter-output>
  <suite started-at="2019-10-31T14:38:03Z" name="Default suite" finished-at="2019-10-31T14:38:19Z" duration-ms="16465">
    <groups>
      <group name="cucumber">
        <method signature="CucumberRunner.feature(cucumber.api.testng.CucumberFeatureWrapper)[pri:0, instance:com.Automation.Utilities.CucumberRunner@327b636c]" name="feature" class="com.Automation.Utilities.CucumberRunner"/>
      </group> <!-- cucumber -->
    </groups>
    <test started-at="2019-10-31T14:38:03Z" name="Default test" finished-at="2019-10-31T14:38:19Z" duration-ms="16465">
      <class name="com.Automation.Utilities.CucumberRunner">
        <test-method is-config="true" signature="setUpClass()[pri:0, instance:com.Automation.Utilities.CucumberRunner@327b636c]" started-at="2019-10-31T14:38:03Z" name="setUpClass" finished-at="2019-10-31T14:38:03Z" duration-ms="424" status="PASS">
          <reporter-output>
          </reporter-output>
        </test-method> <!-- setUpClass -->
        <test-method signature="feature(cucumber.api.testng.CucumberFeatureWrapper)[pri:0, instance:com.Automation.Utilities.CucumberRunner@327b636c]" started-at="2019-10-31T14:38:04Z" name="feature" description="Runs Cucumber Feature" data-provider="features" finished-at="2019-10-31T14:38:19Z" duration-ms="15763" status="PASS">
          <params>
            <param index="0">
              <value>
                <![CDATA[Sri Krishna college Application]]>
              </value>
            </param>
          </params>
          <reporter-output>
          </reporter-output>
        </test-method> <!-- feature -->
        <test-method is-config="true" signature="tearDownClass()[pri:0, instance:com.Automation.Utilities.CucumberRunner@327b636c]" started-at="2019-10-31T14:38:19Z" name="tearDownClass" finished-at="2019-10-31T14:38:19Z" duration-ms="20" status="PASS">
          <reporter-output>
          </reporter-output>
        </test-method> <!-- tearDownClass -->
      </class> <!-- com.Automation.Utilities.CucumberRunner -->
    </test> <!-- Default test -->
  </suite> <!-- Default suite -->
</testng-results>
